<?xml version="1.0" encoding="UTF-8"?>
<!-- Generated by org.testng.reporters.JUnitXMLReporter -->
<testsuite ignored="0" hostname="DESKTOP-JIJPL74" failures="1" tests="5" name="Test" time="74.302" errors="0" timestamp="2022-04-12T00:35:08 IST">
  <testcase classname="com.crm.organization.OrganizationTest" name="createOrganizationTest" time="12.665">
    <skipped/>
  </testcase> <!-- createOrganizationTest -->
  <testcase classname="com.crm.organization.OrganizationTest" name="createOrganizationTest" time="8.921">
    <skipped/>
  </testcase> <!-- createOrganizationTest -->
  <testcase classname="com.crm.organization.OrganizationTest" name="createOrganizationTest" time="8.396">
    <skipped/>
  </testcase> <!-- createOrganizationTest -->
  <testcase classname="com.crm.organization.OrganizationTest" name="createOrganizationTest" time="8.653">
    <skipped/>
  </testcase> <!-- createOrganizationTest -->
  <testcase classname="com.crm.organization.OrganizationTest" name="createOrganizationTest" time="8.973">
    <failure type="java.lang.AssertionError" message="The following asserts failed:
	expected [true] but found [false]">
      <![CDATA[java.lang.AssertionError: The following asserts failed:
expected [true] but found [false]
at com.crm.organization.OrganizationTest.createOrganizationTest(OrganizationTest.java:51)
at java.base/java.util.ArrayList.forEach(ArrayList.java:1511)
... Removed 29 stack frames]]>
    </failure>
  </testcase> <!-- createOrganizationTest -->
</testsuite> <!-- Test -->
